[02-Aug-2019 16:36:07 UTC] PHP Warning:  require_once(/app/public/wp-content/mu-plugins../vendor/autoload.php): failed to open stream: No such file or directory in /app/public/wp-content/mu-plugins/smolblog.php on line 41
[02-Aug-2019 16:36:07 UTC] PHP Stack trace:
[02-Aug-2019 16:36:07 UTC] PHP   1. {main}() /app/public/wp-admin/admin-ajax.php:0
[02-Aug-2019 16:36:07 UTC] PHP   2. require_once() /app/public/wp-admin/admin-ajax.php:22
[02-Aug-2019 16:36:07 UTC] PHP   3. require_once() /app/public/wp-load.php:37
[02-Aug-2019 16:36:07 UTC] PHP   4. require_once() /app/public/wp-config.php:87
[02-Aug-2019 16:36:07 UTC] PHP   5. include_once() /app/public/wp-settings.php:293
[02-Aug-2019 16:36:07 UTC] PHP Fatal error:  require_once(): Failed opening required '/app/public/wp-content/mu-plugins../vendor/autoload.php' (include_path='.:') in /app/public/wp-content/mu-plugins/smolblog.php on line 41
[02-Aug-2019 16:36:07 UTC] PHP Stack trace:
[02-Aug-2019 16:36:07 UTC] PHP   1. {main}() /app/public/wp-admin/admin-ajax.php:0
[02-Aug-2019 16:36:07 UTC] PHP   2. require_once() /app/public/wp-admin/admin-ajax.php:22
[02-Aug-2019 16:36:07 UTC] PHP   3. require_once() /app/public/wp-load.php:37
[02-Aug-2019 16:36:07 UTC] PHP   4. require_once() /app/public/wp-config.php:87
[02-Aug-2019 16:36:07 UTC] PHP   5. include_once() /app/public/wp-settings.php:293
[02-Aug-2019 16:36:10 UTC] PHP Warning:  require_once(/app/public/wp-content/mu-plugins../vendor/autoload.php): failed to open stream: No such file or directory in /app/public/wp-content/mu-plugins/smolblog.php on line 41
[02-Aug-2019 16:36:10 UTC] PHP Stack trace:
[02-Aug-2019 16:36:10 UTC] PHP   1. {main}() /app/public/wp-admin/post-new.php:0
[02-Aug-2019 16:36:10 UTC] PHP   2. require_once() /app/public/wp-admin/post-new.php:10
[02-Aug-2019 16:36:10 UTC] PHP   3. require_once() /app/public/wp-admin/admin.php:34
[02-Aug-2019 16:36:10 UTC] PHP   4. require_once() /app/public/wp-load.php:37
[02-Aug-2019 16:36:10 UTC] PHP   5. require_once() /app/public/wp-config.php:87
[02-Aug-2019 16:36:10 UTC] PHP   6. include_once() /app/public/wp-settings.php:293
[02-Aug-2019 16:36:10 UTC] PHP Fatal error:  require_once(): Failed opening required '/app/public/wp-content/mu-plugins../vendor/autoload.php' (include_path='.:') in /app/public/wp-content/mu-plugins/smolblog.php on line 41
[02-Aug-2019 16:36:10 UTC] PHP Stack trace:
[02-Aug-2019 16:36:10 UTC] PHP   1. {main}() /app/public/wp-admin/post-new.php:0
[02-Aug-2019 16:36:10 UTC] PHP   2. require_once() /app/public/wp-admin/post-new.php:10
[02-Aug-2019 16:36:10 UTC] PHP   3. require_once() /app/public/wp-admin/admin.php:34
[02-Aug-2019 16:36:10 UTC] PHP   4. require_once() /app/public/wp-load.php:37
[02-Aug-2019 16:36:10 UTC] PHP   5. require_once() /app/public/wp-config.php:87
[02-Aug-2019 16:36:10 UTC] PHP   6. include_once() /app/public/wp-settings.php:293
[02-Aug-2019 16:36:10 UTC] PHP Warning:  require_once(/app/public/wp-content/mu-plugins../vendor/autoload.php): failed to open stream: No such file or directory in /app/public/wp-content/mu-plugins/smolblog.php on line 41
[02-Aug-2019 16:36:10 UTC] PHP Stack trace:
[02-Aug-2019 16:36:10 UTC] PHP   1. {main}() /app/public/index.php:0
[02-Aug-2019 16:36:10 UTC] PHP   2. require() /app/public/index.php:17
[02-Aug-2019 16:36:10 UTC] PHP   3. require_once() /app/public/wp-blog-header.php:13
[02-Aug-2019 16:36:10 UTC] PHP   4. require_once() /app/public/wp-load.php:37
[02-Aug-2019 16:36:10 UTC] PHP   5. require_once() /app/public/wp-config.php:87
[02-Aug-2019 16:36:10 UTC] PHP   6. include_once() /app/public/wp-settings.php:293
[02-Aug-2019 16:36:10 UTC] PHP Fatal error:  require_once(): Failed opening required '/app/public/wp-content/mu-plugins../vendor/autoload.php' (include_path='.:') in /app/public/wp-content/mu-plugins/smolblog.php on line 41
[02-Aug-2019 16:36:10 UTC] PHP Stack trace:
[02-Aug-2019 16:36:10 UTC] PHP   1. {main}() /app/public/index.php:0
[02-Aug-2019 16:36:10 UTC] PHP   2. require() /app/public/index.php:17
[02-Aug-2019 16:36:10 UTC] PHP   3. require_once() /app/public/wp-blog-header.php:13
[02-Aug-2019 16:36:10 UTC] PHP   4. require_once() /app/public/wp-load.php:37
[02-Aug-2019 16:36:10 UTC] PHP   5. require_once() /app/public/wp-config.php:87
[02-Aug-2019 16:36:10 UTC] PHP   6. include_once() /app/public/wp-settings.php:293
[02-Aug-2019 16:36:10 UTC] PHP Warning:  require_once(/app/public/wp-content/mu-plugins../vendor/autoload.php): failed to open stream: No such file or directory in /app/public/wp-content/mu-plugins/smolblog.php on line 41
[02-Aug-2019 16:36:10 UTC] PHP Stack trace:
[02-Aug-2019 16:36:10 UTC] PHP   1. {main}() /app/public/index.php:0
[02-Aug-2019 16:36:10 UTC] PHP   2. require() /app/public/index.php:17
[02-Aug-2019 16:36:10 UTC] PHP   3. require_once() /app/public/wp-blog-header.php:13
[02-Aug-2019 16:36:10 UTC] PHP   4. require_once() /app/public/wp-load.php:37
[02-Aug-2019 16:36:10 UTC] PHP   5. require_once() /app/public/wp-config.php:87
[02-Aug-2019 16:36:10 UTC] PHP   6. include_once() /app/public/wp-settings.php:293
[02-Aug-2019 16:36:10 UTC] PHP Fatal error:  require_once(): Failed opening required '/app/public/wp-content/mu-plugins../vendor/autoload.php' (include_path='.:') in /app/public/wp-content/mu-plugins/smolblog.php on line 41
[02-Aug-2019 16:36:10 UTC] PHP Stack trace:
[02-Aug-2019 16:36:10 UTC] PHP   1. {main}() /app/public/index.php:0
[02-Aug-2019 16:36:10 UTC] PHP   2. require() /app/public/index.php:17
[02-Aug-2019 16:36:10 UTC] PHP   3. require_once() /app/public/wp-blog-header.php:13
[02-Aug-2019 16:36:10 UTC] PHP   4. require_once() /app/public/wp-load.php:37
[02-Aug-2019 16:36:10 UTC] PHP   5. require_once() /app/public/wp-config.php:87
[02-Aug-2019 16:36:10 UTC] PHP   6. include_once() /app/public/wp-settings.php:293
[02-Aug-2019 16:39:40 UTC] PHP Warning:  call_user_func_array() expects parameter 1 to be a valid callback, function 'wds_required_plugins_add' not found or invalid function name in /app/public/wp-includes/class-wp-hook.php on line 286
[02-Aug-2019 16:39:40 UTC] PHP Stack trace:
[02-Aug-2019 16:39:40 UTC] PHP   1. {main}() /app/public/wp-admin/network/plugins.php:0
[02-Aug-2019 16:39:40 UTC] PHP   2. require_once() /app/public/wp-admin/network/plugins.php:11
[02-Aug-2019 16:39:40 UTC] PHP   3. require_once() /app/public/wp-admin/network/admin.php:13
[02-Aug-2019 16:39:40 UTC] PHP   4. do_action() /app/public/wp-admin/admin.php:169
[02-Aug-2019 16:39:40 UTC] PHP   5. WP_Hook->do_action() /app/public/wp-includes/plugin.php:465
[02-Aug-2019 16:39:40 UTC] PHP   6. WP_Hook->apply_filters() /app/public/wp-includes/class-wp-hook.php:310
[02-Aug-2019 16:39:40 UTC] PHP   7. WDS_Required_Plugins->activate_if_not() /app/public/wp-includes/class-wp-hook.php:286
[02-Aug-2019 16:39:40 UTC] PHP   8. WDS_Required_Plugins->get_network_required_plugins() /app/public/wp-content/mu-plugins/wds-required-plugins/wds-required-plugins.php:213
[02-Aug-2019 16:39:40 UTC] PHP   9. apply_filters() /app/public/wp-content/mu-plugins/wds-required-plugins/wds-required-plugins.php:562
[02-Aug-2019 16:39:40 UTC] PHP  10. WP_Hook->apply_filters() /app/public/wp-includes/plugin.php:208
[02-Aug-2019 16:39:41 UTC] PHP Warning:  call_user_func_array() expects parameter 1 to be a valid callback, function 'wds_required_plugins_add' not found or invalid function name in /app/public/wp-includes/class-wp-hook.php on line 286
[02-Aug-2019 16:39:41 UTC] PHP Stack trace:
[02-Aug-2019 16:39:41 UTC] PHP   1. {main}() /app/public/wp-admin/network/plugins.php:0
[02-Aug-2019 16:39:41 UTC] PHP   2. require() /app/public/wp-admin/network/plugins.php:13
[02-Aug-2019 16:39:41 UTC] PHP   3. WP_Plugins_List_Table->display() /app/public/wp-admin/plugins.php:619
[02-Aug-2019 16:39:41 UTC] PHP   4. WP_Plugins_List_Table->display_rows_or_placeholder() /app/public/wp-admin/includes/class-wp-list-table.php:1175
[02-Aug-2019 16:39:41 UTC] PHP   5. WP_Plugins_List_Table->display_rows() /app/public/wp-admin/includes/class-wp-list-table.php:1244
[02-Aug-2019 16:39:41 UTC] PHP   6. WP_Plugins_List_Table->single_row() /app/public/wp-admin/includes/class-wp-plugins-list-table.php:574
[02-Aug-2019 16:39:41 UTC] PHP   7. apply_filters() /app/public/wp-admin/includes/class-wp-plugins-list-table.php:705
[02-Aug-2019 16:39:41 UTC] PHP   8. WP_Hook->apply_filters() /app/public/wp-includes/plugin.php:208
[02-Aug-2019 16:39:41 UTC] PHP   9. WDS_Required_Plugins->filter_plugin_links() /app/public/wp-includes/class-wp-hook.php:288
[02-Aug-2019 16:39:41 UTC] PHP  10. WDS_Required_Plugins->get_network_required_plugins() /app/public/wp-content/mu-plugins/wds-required-plugins/wds-required-plugins.php:398
[02-Aug-2019 16:39:41 UTC] PHP  11. apply_filters() /app/public/wp-content/mu-plugins/wds-required-plugins/wds-required-plugins.php:562
[02-Aug-2019 16:39:41 UTC] PHP  12. WP_Hook->apply_filters() /app/public/wp-includes/plugin.php:208
[02-Aug-2019 16:40:41 UTC] PHP Warning:  call_user_func_array() expects parameter 1 to be a valid callback, function 'wds_required_plugins_add' not found or invalid function name in /app/public/wp-includes/class-wp-hook.php on line 286
[02-Aug-2019 16:40:41 UTC] PHP Stack trace:
[02-Aug-2019 16:40:41 UTC] PHP   1. {main}() /app/public/wp-admin/admin-ajax.php:0
[02-Aug-2019 16:40:41 UTC] PHP   2. do_action() /app/public/wp-admin/admin-ajax.php:45
[02-Aug-2019 16:40:41 UTC] PHP   3. WP_Hook->do_action() /app/public/wp-includes/plugin.php:465
[02-Aug-2019 16:40:41 UTC] PHP   4. WP_Hook->apply_filters() /app/public/wp-includes/class-wp-hook.php:310
[02-Aug-2019 16:40:41 UTC] PHP   5. WDS_Required_Plugins->activate_if_not() /app/public/wp-includes/class-wp-hook.php:286
[02-Aug-2019 16:40:41 UTC] PHP   6. WDS_Required_Plugins->get_network_required_plugins() /app/public/wp-content/mu-plugins/wds-required-plugins/wds-required-plugins.php:213
[02-Aug-2019 16:40:41 UTC] PHP   7. apply_filters() /app/public/wp-content/mu-plugins/wds-required-plugins/wds-required-plugins.php:562
[02-Aug-2019 16:40:41 UTC] PHP   8. WP_Hook->apply_filters() /app/public/wp-includes/plugin.php:208
[02-Aug-2019 16:41:41 UTC] PHP Warning:  call_user_func_array() expects parameter 1 to be a valid callback, function 'wds_required_plugins_add' not found or invalid function name in /app/public/wp-includes/class-wp-hook.php on line 286
[02-Aug-2019 16:41:41 UTC] PHP Stack trace:
[02-Aug-2019 16:41:41 UTC] PHP   1. {main}() /app/public/wp-admin/admin-ajax.php:0
[02-Aug-2019 16:41:41 UTC] PHP   2. do_action() /app/public/wp-admin/admin-ajax.php:45
[02-Aug-2019 16:41:41 UTC] PHP   3. WP_Hook->do_action() /app/public/wp-includes/plugin.php:465
[02-Aug-2019 16:41:41 UTC] PHP   4. WP_Hook->apply_filters() /app/public/wp-includes/class-wp-hook.php:310
[02-Aug-2019 16:41:41 UTC] PHP   5. WDS_Required_Plugins->activate_if_not() /app/public/wp-includes/class-wp-hook.php:286
[02-Aug-2019 16:41:41 UTC] PHP   6. WDS_Required_Plugins->get_network_required_plugins() /app/public/wp-content/mu-plugins/wds-required-plugins/wds-required-plugins.php:213
[02-Aug-2019 16:41:41 UTC] PHP   7. apply_filters() /app/public/wp-content/mu-plugins/wds-required-plugins/wds-required-plugins.php:562
[02-Aug-2019 16:41:41 UTC] PHP   8. WP_Hook->apply_filters() /app/public/wp-includes/plugin.php:208
